[0.541s] DEBUG:colcon:Command line arguments: ['/usr/bin/colcon', 'build', '--symlink-install', '--packages-select', 'navigate_bt']
[0.541s] DEBUG:colcon:Parsed command line arguments: Namespace(log_base=None, log_level=None, verb_name='build', build_base='build', install_base='install', merge_install=False, symlink_install=True, test_result_base=None, continue_on_error=False, executor='parallel', parallel_workers=4, event_handlers=None, ignore_user_meta=False, metas=['./colcon.meta'], base_paths=['.'], packages_ignore=None, packages_ignore_regex=None, paths=None, packages_up_to=None, packages_up_to_regex=None, packages_above=None, packages_above_and_dependencies=None, packages_above_depth=None, packages_select_by_dep=None, packages_skip_by_dep=None, packages_skip_up_to=None, packages_select_build_failed=False, packages_skip_build_finished=False, packages_select_test_failures=False, packages_skip_test_passed=False, packages_select=['navigate_bt'], packages_skip=None, packages_select_regex=None, packages_skip_regex=None, packages_start=None, packages_end=None, allow_overriding=[], cmake_args=None, cmake_target=None, cmake_target_skip_unavailable=False, cmake_clean_cache=False, cmake_clean_first=False, cmake_force_configure=False, ament_cmake_args=None, catkin_cmake_args=None, catkin_skip_building_tests=False, verb_parser=<colcon_defaults.argument_parser.defaults.DefaultArgumentsDecorator object at 0x7f775fa1dc30>, verb_extension=<colcon_core.verb.build.BuildVerb object at 0x7f7760427250>, main=<bound method BuildVerb.main of <colcon_core.verb.build.BuildVerb object at 0x7f7760427250>>)
[0.588s] Level 1:colcon.colcon_core.package_discovery:discover_packages(colcon_meta) check parameters
[0.589s] Level 1:colcon.colcon_core.package_discovery:discover_packages(recursive) check parameters
[0.589s] Level 1:colcon.colcon_core.package_discovery:discover_packages(ignore) check parameters
[0.589s] Level 1:colcon.colcon_core.package_discovery:discover_packages(path) check parameters
[0.589s] Level 1:colcon.colcon_core.package_discovery:discover_packages(colcon_meta) discover
[0.589s] Level 1:colcon.colcon_core.package_discovery:discover_packages(recursive) discover
[0.589s] INFO:colcon.colcon_core.package_discovery:Crawling recursively for packages in '/home/sergiorobsar/new_workspace/src/pruebaNav'
[0.589s] Level 1:colcon.colcon_core.package_identification:_identify(.) by extensions ['ignore', 'ignore_ament_install']
[0.589s] Level 1:colcon.colcon_core.package_identification:_identify(.) by extension 'ignore'
[0.589s] Level 1:colcon.colcon_core.package_identification:_identify(.) by extension 'ignore_ament_install'
[0.590s] Level 1:colcon.colcon_core.package_identification:_identify(.) by extensions ['colcon_pkg']
[0.590s] Level 1:colcon.colcon_core.package_identification:_identify(.) by extension 'colcon_pkg'
[0.590s] Level 1:colcon.colcon_core.package_identification:_identify(.) by extensions ['colcon_meta']
[0.590s] Level 1:colcon.colcon_core.package_identification:_identify(.) by extension 'colcon_meta'
[0.590s] Level 1:colcon.colcon_core.package_identification:_identify(.) by extensions ['ros']
[0.590s] Level 1:colcon.colcon_core.package_identification:_identify(.) by extension 'ros'
[0.605s] Level 1:colcon.colcon_core.package_identification:_identify(.) by extensions ['cmake', 'python']
[0.605s] Level 1:colcon.colcon_core.package_identification:_identify(.) by extension 'cmake'
[0.605s] Level 1:colcon.colcon_core.package_identification:_identify(.) by extension 'python'
[0.605s] Level 1:colcon.colcon_core.package_identification:_identify(.) by extensions ['python_setup_py']
[0.605s] Level 1:colcon.colcon_core.package_identification:_identify(.) by extension 'python_setup_py'
[0.605s] Level 1:colcon.colcon_core.package_identification:_identify(build) by extensions ['ignore', 'ignore_ament_install']
[0.605s] Level 1:colcon.colcon_core.package_identification:_identify(build) by extension 'ignore'
[0.606s] Level 1:colcon.colcon_core.package_identification:_identify(build) ignored
[0.606s] Level 1:colcon.colcon_core.package_identification:_identify(install) by extensions ['ignore', 'ignore_ament_install']
[0.606s] Level 1:colcon.colcon_core.package_identification:_identify(install) by extension 'ignore'
[0.606s] Level 1:colcon.colcon_core.package_identification:_identify(install) ignored
[0.606s] Level 1:colcon.colcon_core.package_identification:_identify(log) by extensions ['ignore', 'ignore_ament_install']
[0.606s] Level 1:colcon.colcon_core.package_identification:_identify(log) by extension 'ignore'
[0.606s] Level 1:colcon.colcon_core.package_identification:_identify(log) ignored
[0.606s] Level 1:colcon.colcon_core.package_identification:_identify(navigate_bt) by extensions ['ignore', 'ignore_ament_install']
[0.607s] Level 1:colcon.colcon_core.package_identification:_identify(navigate_bt) by extension 'ignore'
[0.607s] Level 1:colcon.colcon_core.package_identification:_identify(navigate_bt) by extension 'ignore_ament_install'
[0.607s] Level 1:colcon.colcon_core.package_identification:_identify(navigate_bt) by extensions ['colcon_pkg']
[0.607s] Level 1:colcon.colcon_core.package_identification:_identify(navigate_bt) by extension 'colcon_pkg'
[0.607s] Level 1:colcon.colcon_core.package_identification:_identify(navigate_bt) by extensions ['colcon_meta']
[0.607s] Level 1:colcon.colcon_core.package_identification:_identify(navigate_bt) by extension 'colcon_meta'
[0.607s] Level 1:colcon.colcon_core.package_identification:_identify(navigate_bt) by extensions ['ros']
[0.607s] Level 1:colcon.colcon_core.package_identification:_identify(navigate_bt) by extension 'ros'
[0.612s] DEBUG:colcon.colcon_core.package_identification:Package 'navigate_bt' with type 'ros.ament_cmake' and name 'navigate_bt'
[0.612s] Level 1:colcon.colcon_core.package_discovery:discover_packages(recursive) using defaults
[0.612s] Level 1:colcon.colcon_core.package_discovery:discover_packages(ignore) discover
[0.613s] Level 1:colcon.colcon_core.package_discovery:discover_packages(ignore) using defaults
[0.613s] Level 1:colcon.colcon_core.package_discovery:discover_packages(path) discover
[0.613s] Level 1:colcon.colcon_core.package_discovery:discover_packages(path) using defaults
[0.651s] Level 1:colcon.colcon_core.package_discovery:discover_packages(prefix_path) check parameters
[0.651s] Level 1:colcon.colcon_core.package_discovery:discover_packages(prefix_path) discover
[0.667s] DEBUG:colcon.colcon_installed_package_information.package_discovery:Found 128 installed packages in /home/sergiorobsar/new_workspace/install
[0.671s] DEBUG:colcon.colcon_installed_package_information.package_discovery:Found 398 installed packages in /opt/ros/humble
[0.674s] Level 1:colcon.colcon_core.package_discovery:discover_packages(prefix_path) using defaults
[0.790s] Level 5:colcon.colcon_core.verb:set package 'navigate_bt' build argument 'cmake_args' from command line to 'None'
[0.790s] Level 5:colcon.colcon_core.verb:set package 'navigate_bt' build argument 'cmake_target' from command line to 'None'
[0.790s] Level 5:colcon.colcon_core.verb:set package 'navigate_bt' build argument 'cmake_target_skip_unavailable' from command line to 'False'
[0.790s] Level 5:colcon.colcon_core.verb:set package 'navigate_bt' build argument 'cmake_clean_cache' from command line to 'False'
[0.791s] Level 5:colcon.colcon_core.verb:set package 'navigate_bt' build argument 'cmake_clean_first' from command line to 'False'
[0.791s] Level 5:colcon.colcon_core.verb:set package 'navigate_bt' build argument 'cmake_force_configure' from command line to 'False'
[0.791s] Level 5:colcon.colcon_core.verb:set package 'navigate_bt' build argument 'ament_cmake_args' from command line to 'None'
[0.791s] Level 5:colcon.colcon_core.verb:set package 'navigate_bt' build argument 'catkin_cmake_args' from command line to 'None'
[0.791s] Level 5:colcon.colcon_core.verb:set package 'navigate_bt' build argument 'catkin_skip_building_tests' from command line to 'False'
[0.791s] DEBUG:colcon.colcon_core.verb:Building package 'navigate_bt' with the following arguments: {'ament_cmake_args': None, 'build_base': '/home/sergiorobsar/new_workspace/src/pruebaNav/build/navigate_bt', 'catkin_cmake_args': None, 'catkin_skip_building_tests': False, 'cmake_args': None, 'cmake_clean_cache': False, 'cmake_clean_first': False, 'cmake_force_configure': False, 'cmake_target': None, 'cmake_target_skip_unavailable': False, 'install_base': '/home/sergiorobsar/new_workspace/src/pruebaNav/install/navigate_bt', 'merge_install': False, 'path': '/home/sergiorobsar/new_workspace/src/pruebaNav/navigate_bt', 'symlink_install': True, 'test_result_base': None}
[0.792s] INFO:colcon.colcon_core.executor:Executing jobs using 'parallel' executor
[0.796s] DEBUG:colcon.colcon_parallel_executor.executor.parallel:run_until_complete
[0.796s] INFO:colcon.colcon_ros.task.ament_cmake.build:Building ROS package in '/home/sergiorobsar/new_workspace/src/pruebaNav/navigate_bt' with build type 'ament_cmake'
[0.796s] INFO:colcon.colcon_cmake.task.cmake.build:Building CMake package in '/home/sergiorobsar/new_workspace/src/pruebaNav/navigate_bt'
[0.803s] INFO:colcon.colcon_core.plugin_system:Skipping extension 'colcon_core.shell.bat': Not used on non-Windows systems
[0.803s] INFO:colcon.colcon_core.shell:Skip shell extension 'powershell' for command environment: Not usable outside of PowerShell
[0.804s] DEBUG:colcon.colcon_core.shell:Skip shell extension 'dsv' for command environment
[0.840s] DEBUG:colcon.colcon_core.event_handler.log_command:Invoking command in '/home/sergiorobsar/new_workspace/src/pruebaNav/build/navigate_bt': CMAKE_PREFIX_PATH=${CMAKE_PREFIX_PATH}:/home/sergiorobsar/new_workspace/install/joy_teleop:/home/sergiorobsar/new_workspace/install/rosidl_pycommon:/home/sergiorobsar/new_workspace/install/rosidl_cli:/home/sergiorobsar/new_workspace/install/mouse_teleop:/home/sergiorobsar/new_workspace/install/launch_pal:/home/sergiorobsar/new_workspace/install/key_teleop:/home/sergiorobsar/new_workspace/install/dialogflow_ros2:/home/sergiorobsar/new_workspace/install/br2_fsm_bumpgo_py:/opt/ros/humble /usr/bin/cmake --build /home/sergiorobsar/new_workspace/src/pruebaNav/build/navigate_bt -- -j4 -l4
[10.730s] DEBUG:colcon.colcon_core.event_handler.log_command:Invoked command in '/home/sergiorobsar/new_workspace/src/pruebaNav/build/navigate_bt' returned '2': CMAKE_PREFIX_PATH=${CMAKE_PREFIX_PATH}:/home/sergiorobsar/new_workspace/install/joy_teleop:/home/sergiorobsar/new_workspace/install/rosidl_pycommon:/home/sergiorobsar/new_workspace/install/rosidl_cli:/home/sergiorobsar/new_workspace/install/mouse_teleop:/home/sergiorobsar/new_workspace/install/launch_pal:/home/sergiorobsar/new_workspace/install/key_teleop:/home/sergiorobsar/new_workspace/install/dialogflow_ros2:/home/sergiorobsar/new_workspace/install/br2_fsm_bumpgo_py:/opt/ros/humble /usr/bin/cmake --build /home/sergiorobsar/new_workspace/src/pruebaNav/build/navigate_bt -- -j4 -l4
[10.842s] Level 1:colcon.colcon_core.environment:create_environment_scripts_only(navigate_bt)
[10.849s] Level 1:colcon.colcon_core.environment:checking '/home/sergiorobsar/new_workspace/src/pruebaNav/install/navigate_bt' for CMake module files
[10.850s] Level 1:colcon.colcon_core.environment:checking '/home/sergiorobsar/new_workspace/src/pruebaNav/install/navigate_bt' for CMake config files
[10.851s] Level 1:colcon.colcon_core.environment:checking '/home/sergiorobsar/new_workspace/src/pruebaNav/install/navigate_bt/bin'
[10.851s] Level 1:colcon.colcon_core.environment:checking '/home/sergiorobsar/new_workspace/src/pruebaNav/install/navigate_bt/lib/pkgconfig/navigate_bt.pc'
[10.851s] Level 1:colcon.colcon_core.environment:checking '/home/sergiorobsar/new_workspace/src/pruebaNav/install/navigate_bt/lib/python3.10/site-packages'
[10.852s] Level 1:colcon.colcon_core.environment:checking '/home/sergiorobsar/new_workspace/src/pruebaNav/install/navigate_bt/bin'
[10.853s] INFO:colcon.colcon_core.shell:Creating package script '/home/sergiorobsar/new_workspace/src/pruebaNav/install/navigate_bt/share/navigate_bt/package.ps1'
[10.855s] INFO:colcon.colcon_core.shell:Creating package descriptor '/home/sergiorobsar/new_workspace/src/pruebaNav/install/navigate_bt/share/navigate_bt/package.dsv'
[10.856s] INFO:colcon.colcon_core.shell:Creating package script '/home/sergiorobsar/new_workspace/src/pruebaNav/install/navigate_bt/share/navigate_bt/package.sh'
[10.857s] INFO:colcon.colcon_core.shell:Creating package script '/home/sergiorobsar/new_workspace/src/pruebaNav/install/navigate_bt/share/navigate_bt/package.bash'
[10.857s] INFO:colcon.colcon_core.shell:Creating package script '/home/sergiorobsar/new_workspace/src/pruebaNav/install/navigate_bt/share/navigate_bt/package.zsh'
[10.858s] Level 1:colcon.colcon_core.environment:create_file_with_runtime_dependencies(/home/sergiorobsar/new_workspace/src/pruebaNav/install/navigate_bt/share/colcon-core/packages/navigate_bt)
[10.869s] DEBUG:colcon.colcon_parallel_executor.executor.parallel:closing loop
[10.869s] DEBUG:colcon.colcon_parallel_executor.executor.parallel:loop closed
[10.869s] DEBUG:colcon.colcon_parallel_executor.executor.parallel:run_until_complete finished with '2'
[10.870s] DEBUG:colcon.colcon_core.event_reactor:joining thread
[10.880s] INFO:colcon.colcon_core.plugin_system:Skipping extension 'colcon_notification.desktop_notification.terminal_notifier': Not used on non-Darwin systems
[10.880s] INFO:colcon.colcon_core.plugin_system:Skipping extension 'colcon_notification.desktop_notification.win32': Not used on non-Windows systems
[10.880s] INFO:colcon.colcon_notification.desktop_notification:Sending desktop notification using 'notify2'
[10.894s] DEBUG:colcon.colcon_core.event_reactor:joined thread
[10.896s] INFO:colcon.colcon_core.shell:Creating prefix script '/home/sergiorobsar/new_workspace/src/pruebaNav/install/local_setup.ps1'
[10.899s] INFO:colcon.colcon_core.shell:Creating prefix util module '/home/sergiorobsar/new_workspace/src/pruebaNav/install/_local_setup_util_ps1.py'
[10.901s] INFO:colcon.colcon_core.shell:Creating prefix chain script '/home/sergiorobsar/new_workspace/src/pruebaNav/install/setup.ps1'
[10.911s] INFO:colcon.colcon_core.shell:Creating prefix script '/home/sergiorobsar/new_workspace/src/pruebaNav/install/local_setup.sh'
[10.913s] INFO:colcon.colcon_core.shell:Creating prefix util module '/home/sergiorobsar/new_workspace/src/pruebaNav/install/_local_setup_util_sh.py'
[10.916s] INFO:colcon.colcon_core.shell:Creating prefix chain script '/home/sergiorobsar/new_workspace/src/pruebaNav/install/setup.sh'
[10.929s] INFO:colcon.colcon_core.shell:Creating prefix script '/home/sergiorobsar/new_workspace/src/pruebaNav/install/local_setup.bash'
[10.930s] INFO:colcon.colcon_core.shell:Creating prefix chain script '/home/sergiorobsar/new_workspace/src/pruebaNav/install/setup.bash'
[10.939s] INFO:colcon.colcon_core.shell:Creating prefix script '/home/sergiorobsar/new_workspace/src/pruebaNav/install/local_setup.zsh'
[10.940s] INFO:colcon.colcon_core.shell:Creating prefix chain script '/home/sergiorobsar/new_workspace/src/pruebaNav/install/setup.zsh'
