[0.042s] Invoking command in '/home/sergiorobsar/new_workspace/src/pruebaNav/build/navigate_bt': CMAKE_PREFIX_PATH=${CMAKE_PREFIX_PATH}:/home/sergiorobsar/new_workspace/install/joy_teleop:/home/sergiorobsar/new_workspace/install/rosidl_pycommon:/home/sergiorobsar/new_workspace/install/rosidl_cli:/home/sergiorobsar/new_workspace/install/mouse_teleop:/home/sergiorobsar/new_workspace/install/launch_pal:/home/sergiorobsar/new_workspace/install/key_teleop:/home/sergiorobsar/new_workspace/install/dialogflow_ros2:/home/sergiorobsar/new_workspace/install/br2_fsm_bumpgo_py:/opt/ros/humble /usr/bin/cmake --build /home/sergiorobsar/new_workspace/src/pruebaNav/build/navigate_bt -- -j4 -l4
[0.190s] [35m[1mConsolidate compiler generated dependencies of target request_name[0m
[0.227s] [ 50%] Built target navigate_main
[0.263s] [ 75%] [32mBuilding CXX object CMakeFiles/request_name.dir/src/navigate_bt/RequestName.cpp.o[0m
[7.321s] [01m[K/home/sergiorobsar/new_workspace/src/pruebaNav/navigate_bt/src/navigate_bt/RequestName.cpp:[m[K In constructor ‘[01m[Knavigate_bt::RequestName::RequestName(const string&, const BT::NodeConfiguration&)[m[K’:
[7.321s] [01m[K/home/sergiorobsar/new_workspace/src/pruebaNav/navigate_bt/src/navigate_bt/RequestName.cpp:23:29:[m[K [01;31m[Kerror: [m[K‘[01m[KnoIntentCB[m[K’ is not a member of ‘[01m[Knavigate_bt::RequestName[m[K’
[7.321s]    23 |     std::bind(&RequestName::[01;31m[KnoIntentCB[m[K, this, _1))
[7.321s]       |                             [01;31m[K^~~~~~~~~~[m[K
[7.329s] [01m[K/home/sergiorobsar/new_workspace/src/pruebaNav/navigate_bt/src/navigate_bt/RequestName.cpp:[m[K In function ‘[01m[Kvoid navigate_bt::RequestNameCB(dialogflow_ros2_interfaces::msg::DialogflowResult)[m[K’:
[7.329s] [01m[K/home/sergiorobsar/new_workspace/src/pruebaNav/navigate_bt/src/navigate_bt/RequestName.cpp:32:5:[m[K [01;31m[Kerror: [m[K‘[01m[Kname_[m[K’ was not declared in this scope
[7.329s]    32 |     [01;31m[Kname_[m[K =result.parameters[0].value[0];
[7.329s]       |     [01;31m[K^~~~~[m[K
[7.330s] [01m[K/home/sergiorobsar/new_workspace/src/pruebaNav/navigate_bt/src/navigate_bt/RequestName.cpp:[m[K At global scope:
[7.330s] [01m[K/home/sergiorobsar/new_workspace/src/pruebaNav/navigate_bt/src/navigate_bt/RequestName.cpp:35:1:[m[K [01;31m[Kerror: [m[KISO C++ forbids declaration of ‘[01m[Khalt[m[K’ with no type [[01;31m[K]8;;https://gcc.gnu.org/onlinedocs/gcc/Warning-Options.html#index-fpermissive-fpermissive]8;;[m[K]
[7.330s]    35 | [01;31m[KRequestName[m[K::halt(){
[7.330s]       | [01;31m[K^~~~~~~~~~~[m[K
[7.330s] [01m[K/home/sergiorobsar/new_workspace/src/pruebaNav/navigate_bt/src/navigate_bt/RequestName.cpp:35:1:[m[K [01;31m[Kerror: [m[Kno declaration matches ‘[01m[Kint navigate_bt::RequestName::halt()[m[K’
[7.330s] In file included from [01m[K/home/sergiorobsar/new_workspace/src/pruebaNav/navigate_bt/src/navigate_bt/RequestName.cpp:4[m[K:
[7.330s] [01m[K/home/sergiorobsar/new_workspace/src/pruebaNav/navigate_bt/include/navigate_bt/RequestName.hpp:24:8:[m[K [01;36m[Knote: [m[Kcandidate is: ‘[01m[Kvirtual void navigate_bt::RequestName::halt()[m[K’
[7.331s]    24 |   void [01;36m[Khalt[m[K();
[7.331s]       |        [01;36m[K^~~~[m[K
[7.331s] [01m[K/home/sergiorobsar/new_workspace/src/pruebaNav/navigate_bt/include/navigate_bt/RequestName.hpp:14:7:[m[K [01;36m[Knote: [m[K‘[01m[Kclass navigate_bt::RequestName[m[K’ defined here
[7.331s]    14 | class [01;36m[KRequestName[m[K : public BT::ActionNodeBase
[7.331s]       |       [01;36m[K^~~~~~~~~~~[m[K
[7.331s] [01m[K/home/sergiorobsar/new_workspace/src/pruebaNav/navigate_bt/src/navigate_bt/RequestName.cpp:39:1:[m[K [01;31m[Kerror: [m[Kexpected constructor, destructor, or type conversion before ‘[01m[K([m[K’ token
[7.331s]    39 | [01;31m[K([m[K
[7.331s]       | [01;31m[K^[m[K
[7.332s] [01m[K/home/sergiorobsar/new_workspace/src/pruebaNav/navigate_bt/src/navigate_bt/RequestName.cpp:44:20:[m[K [01;31m[Kerror: [m[Kexpected constructor, destructor, or type conversion before ‘[01m[K([m[K’ token
[7.332s]    44 |   rclcpp::spin_some[01;31m[K([m[Kdialog_.get_node_base_interface());
[7.332s]       |                    [01;31m[K^[m[K
[7.332s] [01m[K/home/sergiorobsar/new_workspace/src/pruebaNav/navigate_bt/src/navigate_bt/RequestName.cpp:46:3:[m[K [01;31m[Kerror: [m[Kexpected unqualified-id before ‘[01m[Kif[m[K’
[7.332s]    46 |   [01;31m[Kif[m[K(name_ == "" && node_->now() - start_time_ > 10s){
[7.332s]       |   [01;31m[K^~[m[K
[7.332s] [01m[K/home/sergiorobsar/new_workspace/src/pruebaNav/navigate_bt/src/navigate_bt/RequestName.cpp:52:3:[m[K [01;31m[Kerror: [m[Kexpected unqualified-id before ‘[01m[Kif[m[K’
[7.333s]    52 |   [01;31m[Kif[m[K(node_->now() - start_time_  < 3s){
[7.333s]       |   [01;31m[K^~[m[K
[7.333s] [01m[K/home/sergiorobsar/new_workspace/src/pruebaNav/navigate_bt/src/navigate_bt/RequestName.cpp:56:3:[m[K [01;31m[Kerror: [m[Kexpected unqualified-id before ‘[01m[Kif[m[K’
[7.333s]    56 |   [01;31m[Kif[m[K(!listening_){
[7.333s]       |   [01;31m[K^~[m[K
[7.333s] [01m[K/home/sergiorobsar/new_workspace/src/pruebaNav/navigate_bt/src/navigate_bt/RequestName.cpp:61:3:[m[K [01;31m[Kerror: [m[Kexpected unqualified-id before ‘[01m[Kif[m[K’
[7.333s]    61 |   [01;31m[Kif[m[K(name_== ""){
[7.334s]       |   [01;31m[K^~[m[K
[7.334s] [01m[K/home/sergiorobsar/new_workspace/src/pruebaNav/navigate_bt/src/navigate_bt/RequestName.cpp:65:3:[m[K [01;31m[Kerror: [m[K‘[01m[Kdialog_[m[K’ does not name a type
[7.335s]    65 |   [01;31m[Kdialog_[m[K.speak("Hello "+ name_ + "Nice to meet you. You are really welcomed!");
[7.335s]       |   [01;31m[K^~~~~~~[m[K
[7.335s] [01m[K/home/sergiorobsar/new_workspace/src/pruebaNav/navigate_bt/src/navigate_bt/RequestName.cpp:67:12:[m[K [01;31m[Kerror: [m[Kexpected constructor, destructor, or type conversion before ‘[01m[K([m[K’ token
[7.335s]    67 |   setOutput[01;31m[K([m[K"nameID",name_);
[7.335s]       |            [01;31m[K^[m[K
[7.338s] [01m[K/home/sergiorobsar/new_workspace/src/pruebaNav/navigate_bt/src/navigate_bt/RequestName.cpp:69:3:[m[K [01;31m[Kerror: [m[K‘[01m[Kname_[m[K’ does not name a type
[7.338s]    69 |   [01;31m[Kname_[m[K="";
[7.338s]       |   [01;31m[K^~~~~[m[K
[7.345s] [01m[K/home/sergiorobsar/new_workspace/src/pruebaNav/navigate_bt/src/navigate_bt/RequestName.cpp:70:3:[m[K [01;31m[Kerror: [m[K‘[01m[Klistening_[m[K’ does not name a type
[7.345s]    70 |   [01;31m[Klistening_[m[K = false;
[7.345s]       |   [01;31m[K^~~~~~~~~~[m[K
[7.345s] [01m[K/home/sergiorobsar/new_workspace/src/pruebaNav/navigate_bt/src/navigate_bt/RequestName.cpp:72:3:[m[K [01;31m[Kerror: [m[Kexpected unqualified-id before ‘[01m[Kreturn[m[K’
[7.345s]    72 |   [01;31m[Kreturn[m[K BT::NodeStatus::SUCCESS;
[7.346s]       |   [01;31m[K^~~~~~[m[K
[7.346s] [01m[K/home/sergiorobsar/new_workspace/src/pruebaNav/navigate_bt/src/navigate_bt/RequestName.cpp:74:1:[m[K [01;31m[Kerror: [m[Kexpected unqualified-id before ‘[01m[K)[m[K’ token
[7.346s]    74 | [01;31m[K)[m[K
[7.346s]       | [01;31m[K^[m[K
[9.024s] gmake[2]: *** [CMakeFiles/request_name.dir/build.make:76: CMakeFiles/request_name.dir/src/navigate_bt/RequestName.cpp.o] Error 1
[9.024s] gmake[1]: *** [CMakeFiles/Makefile2:139: CMakeFiles/request_name.dir/all] Error 2
[9.024s] gmake: *** [Makefile:146: all] Error 2
[9.027s] Invoked command in '/home/sergiorobsar/new_workspace/src/pruebaNav/build/navigate_bt' returned '2': CMAKE_PREFIX_PATH=${CMAKE_PREFIX_PATH}:/home/sergiorobsar/new_workspace/install/joy_teleop:/home/sergiorobsar/new_workspace/install/rosidl_pycommon:/home/sergiorobsar/new_workspace/install/rosidl_cli:/home/sergiorobsar/new_workspace/install/mouse_teleop:/home/sergiorobsar/new_workspace/install/launch_pal:/home/sergiorobsar/new_workspace/install/key_teleop:/home/sergiorobsar/new_workspace/install/dialogflow_ros2:/home/sergiorobsar/new_workspace/install/br2_fsm_bumpgo_py:/opt/ros/humble /usr/bin/cmake --build /home/sergiorobsar/new_workspace/src/pruebaNav/build/navigate_bt -- -j4 -l4
